[06/Mar/2017 13:19:16] "GET /loadLatestData HTTP/1.1" 200 7
[06/Mar/2017 14:42:11] "GET /invest HTTP/1.1" 200 2633
[06/Mar/2017 14:42:12] "GET /investmetsList HTTP/1.1" 200 7760
[06/Mar/2017 14:47:03] "GET /admin HTTP/1.1" 301 0
[06/Mar/2017 14:47:04] "GET /admin/ HTTP/1.1" 200 11943
[06/Mar/2017 14:47:06] "GET /static/admin/css/dashboard.css HTTP/1.1" 200 434
[06/Mar/2017 14:47:06] "GET /static/admin/css/base.css HTTP/1.1" 200 14049
[06/Mar/2017 14:47:06] "GET /static/admin/img/default-bg.gif HTTP/1.1" 200 836
[06/Mar/2017 14:47:06] "GET /static/admin/img/icon_addlink.gif HTTP/1.1" 200 119
[06/Mar/2017 14:47:06] "GET /static/admin/img/icon_changelink.gif HTTP/1.1" 200 119
[06/Mar/2017 14:47:06] "GET /static/admin/img/nav-bg.gif HTTP/1.1" 200 265
[06/Mar/2017 14:47:10] "GET /admin/MyInvestementsManager/companyfinancereportsumary/ HTTP/1.1" 200 10199
[06/Mar/2017 14:47:10] "GET /static/admin/js/core.js HTTP/1.1" 200 7522
[06/Mar/2017 14:47:10] "GET /static/admin/js/admin/RelatedObjectLookups.js HTTP/1.1" 200 4466
[06/Mar/2017 14:47:10] "GET /static/admin/js/jquery.init.js HTTP/1.1" 200 326
[06/Mar/2017 14:47:10] "GET /static/admin/js/actions.js HTTP/1.1" 200 4910
[06/Mar/2017 14:47:10] "GET /admin/jsi18n/ HTTP/1.1" 200 2344
[06/Mar/2017 14:47:10] "GET /static/admin/js/jquery.js HTTP/1.1" 200 284394
[06/Mar/2017 14:47:10] "GET /static/admin/img/nav-bg-reverse.gif HTTP/1.1" 200 178
[06/Mar/2017 14:47:11] "GET /static/admin/img/tooltag-add.png HTTP/1.1" 200 110
[06/Mar/2017 14:47:13] "GET /admin/MyInvestementsManager/companyfinancereportsumary/21/ HTTP/1.1" 200 33299
[06/Mar/2017 14:47:13] "GET /static/admin/css/widgets.css HTTP/1.1" 200 10590
[06/Mar/2017 14:47:13] "GET /static/admin/js/related-widget-wrapper.js HTTP/1.1" 200 857
[06/Mar/2017 14:47:13] "GET /admin/jsi18n/ HTTP/1.1" 200 2344
[06/Mar/2017 14:47:13] "GET /static/admin/js/admin/DateTimeShortcuts.js HTTP/1.1" 200 17161
[06/Mar/2017 14:47:13] "GET /static/admin/js/calendar.js HTTP/1.1" 200 5969
[06/Mar/2017 14:47:13] "GET /static/admin/img/icon_deletelink.gif HTTP/1.1" 200 181
[06/Mar/2017 14:47:13] "GET /static/admin/img/icon_calendar.gif HTTP/1.1" 200 192
[06/Mar/2017 14:47:13] "GET /static/admin/img/icon_clock.gif HTTP/1.1" 200 390
[06/Mar/2017 14:48:21] "POST /admin/MyInvestementsManager/companyfinancereportsumary/21/ HTTP/1.1" 302 0
[06/Mar/2017 14:48:21] "GET /admin/MyInvestementsManager/companyfinancereportsumary/add/ HTTP/1.1" 200 33115
[06/Mar/2017 14:48:21] "GET /admin/jsi18n/ HTTP/1.1" 200 2344
[06/Mar/2017 14:48:21] "GET /static/admin/img/icon_success.gif HTTP/1.1" 200 341
[06/Mar/2017 14:51:18] "POST /admin/MyInvestementsManager/companyfinancereportsumary/add/ HTTP/1.1" 302 0
[06/Mar/2017 14:51:18] "GET /admin/MyInvestementsManager/companyfinancereportsumary/add/ HTTP/1.1" 200 33113
[06/Mar/2017 14:51:19] "GET /admin/jsi18n/ HTTP/1.1" 200 2344
[06/Mar/2017 15:00:27] "GET /static/admin/img/default-bg-reverse.gif HTTP/1.1" 200 835
[06/Mar/2017 15:00:29] "POST /admin/MyInvestementsManager/companyfinancereportsumary/add/ HTTP/1.1" 302 0
[06/Mar/2017 15:00:30] "GET /admin/MyInvestementsManager/companyfinancereportsumary/ HTTP/1.1" 200 10950
[06/Mar/2017 15:00:30] "GET /admin/jsi18n/ HTTP/1.1" 200 2344
[06/Mar/2017 15:02:18] "GET /admin/MyInvestementsManager/companyfinancereportsumary/23/ HTTP/1.1" 200 33298
[06/Mar/2017 15:02:18] "GET /admin/jsi18n/ HTTP/1.1" 200 2344
[06/Mar/2017 15:02:39] "POST /admin/MyInvestementsManager/companyfinancereportsumary/23/ HTTP/1.1" 302 0
[06/Mar/2017 15:02:40] "GET /admin/MyInvestementsManager/companyfinancereportsumary/add/ HTTP/1.1" 200 33115
[06/Mar/2017 15:02:40] "GET /admin/jsi18n/ HTTP/1.1" 200 2344
[06/Mar/2017 15:03:01] "GET /admin/MyInvestementsManager/companyfinancereportsumary/23/ HTTP/1.1" 200 33298
[06/Mar/2017 15:04:38] "GET /financialDataList HTTP/1.1" 500 11966
[06/Mar/2017 15:04:41] "GET /financialDataList HTTP/1.1" 500 11966
[06/Mar/2017 15:04:42] "GET /financialDataList HTTP/1.1" 500 11966
[06/Mar/2017 15:04:43] "GET /financialDataList HTTP/1.1" 500 11966
[06/Mar/2017 15:04:43] "GET /financialDataList HTTP/1.1" 500 11966
[06/Mar/2017 15:04:43] "GET /financialDataList HTTP/1.1" 500 11966
[06/Mar/2017 15:04:43] "GET /financialDataList HTTP/1.1" 500 11966
[06/Mar/2017 15:04:47] "GET /invest HTTP/1.1" 200 2633
[06/Mar/2017 15:04:47] "GET /invest HTTP/1.1" 200 2633
[06/Mar/2017 15:04:47] "GET /investmetsList HTTP/1.1" 200 7760
[06/Mar/2017 15:04:50] "GET /financialDataList HTTP/1.1" 500 11966
[06/Mar/2017 15:05:06] "GET /financialDataList HTTP/1.1" 500 11966
[06/Mar/2017 15:05:06] "GET /financialDataList HTTP/1.1" 500 11966
/usr/lib/python3/dist-packages/django/db/models/fields/__init__.py:1414: RuntimeWarning: DateTimeField SectorIndex.date received a naive datetime (2016-09-05 00:00:00) while time zone support is active.
  RuntimeWarning)

/usr/lib/python3/dist-packages/django/db/models/fields/__init__.py:1414: RuntimeWarning: DateTimeField SectorIndex.date received a naive datetime (2016-09-06 00:00:00) while time zone support is active.
  RuntimeWarning)

/usr/lib/python3/dist-packages/django/db/models/fields/__init__.py:1414: RuntimeWarning: DateTimeField SectorIndex.date received a naive datetime (2017-03-06 00:00:00) while time zone support is active.
  RuntimeWarning)

/usr/lib/python3/dist-packages/django/db/models/fields/__init__.py:1474: RuntimeWarning: DateTimeField SectorIndex.date received a naive datetime (2017-03-06 15:05:09.493791) while time zone support is active.
  RuntimeWarning)

